<html>
<head>
<title>TestNG:  Default test</title>
<link href="../testng.css" rel="stylesheet" type="text/css" />
<link href="../my-testng.css" rel="stylesheet" type="text/css" />

<style type="text/css">
.log { display: none;} 
.stack-trace { display: none;} 
</style>
<script type="text/javascript">
<!--
function flip(e) {
  current = e.style.display;
  if (current == 'block') {
    e.style.display = 'none';
    return 0;
  }
  else {
    e.style.display = 'block';
    return 1;
  }
}

function toggleBox(szDivId, elem, msg1, msg2)
{
  var res = -1;  if (document.getElementById) {
    res = flip(document.getElementById(szDivId));
  }
  else if (document.all) {
    // this is the way old msie versions work
    res = flip(document.all[szDivId]);
  }
  if(elem) {
    if(res == 0) elem.innerHTML = msg1; else elem.innerHTML = msg2;
  }

}

function toggleAllBoxes() {
  if (document.getElementsByTagName) {
    d = document.getElementsByTagName('div');
    for (i = 0; i < d.length; i++) {
      if (d[i].className == 'log') {
        flip(d[i]);
      }
    }
  }
}

// -->
</script>

</head>
<body>
<h2 align='center'>Default test</h2><table border='1' align="center">
<tr>
<td>Tests passed/Failed/Skipped:</td><td>21/1/0</td>
</tr><tr>
<td>Started on:</td><td>Mon Dec 25 23:31:56 PST 2017</td>
</tr>
<tr><td>Total time:</td><td>19 seconds (19941 ms)</td>
</tr><tr>
<td>Included groups:</td><td></td>
</tr><tr>
<td>Excluded groups:</td><td></td>
</tr>
</table><p/>
<small><i>(Hover the method name to see the test class name)</i></small><p/>
<table width='100%' border='1' class='invocation-failed'>
<tr><td colspan='4' align='center'><b>FAILED TESTS</b></td></tr>
<tr><td><b>Test method</b></td>
<td width="30%"><b>Exception</b></td>
<td width="10%"><b>Time (seconds)</b></td>
<td><b>Instance</b></td>
</tr>
<tr>
<td title='core.tests.ExecuteTest.uiTest()'><b>uiTest</b><br>Test class: core.tests.ExecuteTest<br>Parameters: , VERIFYTITLE, title, css, Enter your email id</td>
<td><div><pre>java.lang.AssertionError: expected [Enter your email id] but found [Guru99 Bank Home Page]
	at org.testng.Assert.fail(Assert.java:96)
	at org.testng.Assert.failNotEquals(Assert.java:776)
	at org.testng.Assert.assertEqualsImpl(Assert.java:137)
	at org.testng.Assert.assertEquals(Assert.java:118)
	at org.testng.Assert.assertEquals(Assert.java:453)
	at org.testng.Assert.assertEquals(Assert.java:463)
	at core.tests.TestBase.ivRead(TestBase.java:59)
	at core.tests.ExecuteTest.uiTest(ExecuteTest.java:13)
	at sun.reflect.GeneratedMethodAccessor3.invoke(Unknown Source)
	at sun.reflect.DelegatingMethodAccessorImpl.invoke(Unknown Source)
	at java.lang.reflect.Method.invoke(Unknown Source)
	at org.testng.internal.MethodInvocationHelper.invokeMethod(MethodInvocationHelper.java:124)
	at org.testng.internal.Invoker.invokeMethod(Invoker.java:571)
	at org.testng.internal.Invoker.invokeTestMethod(Invoker.java:707)
	at org.testng.internal.Invoker.invokeTestMethods(Invoker.java:979)
	at org.testng.internal.TestMethodWorker.invokeTestMethods(TestMethodWorker.java:125)
	at org.testng.internal.TestMethodWorker.run(TestMethodWorker.java:109)
	at org.testng.TestRunner.privateRun(TestRunner.java:648)
	at org.testng.TestRunner.run(TestRunner.java:505)
	at org.testng.SuiteRunner.runTest(SuiteRunner.java:455)
	at org.testng.SuiteRunner.runSequentially(SuiteRunner.java:450)
	at org.testng.SuiteRunner.privateRun(SuiteRunner.java:415)
	at org.testng.SuiteRunner.run(SuiteRunner.java:364)
	at org.testng.SuiteRunnerWorker.runSuite(SuiteRunnerWorker.java:52)
	at org.testng.SuiteRunnerWorker.run(SuiteRunnerWorker.java:84)
	at org.testng.TestNG.runSuitesSequentially(TestNG.java:1187)
	at org.testng.TestNG.runSuitesLocally(TestNG.java:1116)
	at org.testng.TestNG.runSuites(TestNG.java:1028)
	at org.testng.TestNG.run(TestNG.java:996)
	at org.testng.remote.AbstractRemoteTestNG.run(AbstractRemoteTestNG.java:114)
	at org.testng.remote.RemoteTestNG.initAndRun(RemoteTestNG.java:251)
	at org.testng.remote.RemoteTestNG.main(RemoteTestNG.java:77)
</pre></div><a href='#' onClick='toggleBox("stack-trace1143225650", this, "Click to show all stack frames", "Click to hide stack frames")'>Click to show all stack frames</a>
<div class='stack-trace' id='stack-trace1143225650'><pre>java.lang.AssertionError: expected [Enter your email id] but found [Guru99 Bank Home Page]
	at org.testng.Assert.fail(Assert.java:96)
	at org.testng.Assert.failNotEquals(Assert.java:776)
	at org.testng.Assert.assertEqualsImpl(Assert.java:137)
	at org.testng.Assert.assertEquals(Assert.java:118)
	at org.testng.Assert.assertEquals(Assert.java:453)
	at org.testng.Assert.assertEquals(Assert.java:463)
	at core.tests.TestBase.ivRead(TestBase.java:59)
	at core.tests.ExecuteTest.uiTest(ExecuteTest.java:13)
	at sun.reflect.GeneratedMethodAccessor3.invoke(Unknown Source)
	at sun.reflect.DelegatingMethodAccessorImpl.invoke(Unknown Source)
	at java.lang.reflect.Method.invoke(Unknown Source)
	at org.testng.internal.MethodInvocationHelper.invokeMethod(MethodInvocationHelper.java:124)
	at org.testng.internal.Invoker.invokeMethod(Invoker.java:571)
	at org.testng.internal.Invoker.invokeTestMethod(Invoker.java:707)
	at org.testng.internal.Invoker.invokeTestMethods(Invoker.java:979)
	at org.testng.internal.TestMethodWorker.invokeTestMethods(TestMethodWorker.java:125)
	at org.testng.internal.TestMethodWorker.run(TestMethodWorker.java:109)
	at org.testng.TestRunner.privateRun(TestRunner.java:648)
	at org.testng.TestRunner.run(TestRunner.java:505)
	at org.testng.SuiteRunner.runTest(SuiteRunner.java:455)
	at org.testng.SuiteRunner.runSequentially(SuiteRunner.java:450)
	at org.testng.SuiteRunner.privateRun(SuiteRunner.java:415)
	at org.testng.SuiteRunner.run(SuiteRunner.java:364)
	at org.testng.SuiteRunnerWorker.runSuite(SuiteRunnerWorker.java:52)
	at org.testng.SuiteRunnerWorker.run(SuiteRunnerWorker.java:84)
	at org.testng.TestNG.runSuitesSequentially(TestNG.java:1187)
	at org.testng.TestNG.runSuitesLocally(TestNG.java:1116)
	at org.testng.TestNG.runSuites(TestNG.java:1028)
	at org.testng.TestNG.run(TestNG.java:996)
	at org.testng.remote.AbstractRemoteTestNG.run(AbstractRemoteTestNG.java:114)
	at org.testng.remote.RemoteTestNG.initAndRun(RemoteTestNG.java:251)
	at org.testng.remote.RemoteTestNG.main(RemoteTestNG.java:77)
</pre></div></td>
<td>0</td>
<td>core.tests.ExecuteTest@2d64160c</td></tr>
</table><p>
<table width='100%' border='1' class='invocation-passed'>
<tr><td colspan='4' align='center'><b>PASSED TESTS</b></td></tr>
<tr><td><b>Test method</b></td>
<td width="30%"><b>Exception</b></td>
<td width="10%"><b>Time (seconds)</b></td>
<td><b>Instance</b></td>
</tr>
<tr>
<td title='core.tests.ExecuteTest.uiTest()'><b>uiTest</b><br>Test class: core.tests.ExecuteTest<br>Parameters: TC # 01.01 - Navigate to the WebApp, , , , </td>
<td></td>
<td>4</td>
<td>core.tests.ExecuteTest@2d64160c</td></tr>
<tr>
<td title='core.tests.ExecuteTest.uiTest()'><b>uiTest</b><br>Test class: core.tests.ExecuteTest<br>Parameters: , GOTOURL, , , http://demo.guru99.com/V4/</td>
<td></td>
<td>0</td>
<td>core.tests.ExecuteTest@2d64160c</td></tr>
<tr>
<td title='core.tests.ExecuteTest.uiTest()'><b>uiTest</b><br>Test class: core.tests.ExecuteTest<br>Parameters: , , , , </td>
<td></td>
<td>0</td>
<td>core.tests.ExecuteTest@2d64160c</td></tr>
<tr>
<td title='core.tests.ExecuteTest.uiTest()'><b>uiTest</b><br>Test class: core.tests.ExecuteTest<br>Parameters: , VERIFYTITLE, title, css, Guru99 Bank Home Page</td>
<td></td>
<td>0</td>
<td>core.tests.ExecuteTest@2d64160c</td></tr>
<tr>
<td title='core.tests.ExecuteTest.uiTest()'><b>uiTest</b><br>Test class: core.tests.ExecuteTest<br>Parameters: , CLOSEBROWSER, , , </td>
<td></td>
<td>0</td>
<td>core.tests.ExecuteTest@2d64160c</td></tr>
<tr>
<td title='core.tests.ExecuteTest.uiTest()'><b>uiTest</b><br>Test class: core.tests.ExecuteTest<br>Parameters: TC # 01.02 - Login In Application, , , , </td>
<td></td>
<td>2</td>
<td>core.tests.ExecuteTest@2d64160c</td></tr>
<tr>
<td title='core.tests.ExecuteTest.uiTest()'><b>uiTest</b><br>Test class: core.tests.ExecuteTest<br>Parameters: , GOTOURL, , , http://demo.guru99.com/V4/</td>
<td></td>
<td>0</td>
<td>core.tests.ExecuteTest@2d64160c</td></tr>
<tr>
<td title='core.tests.ExecuteTest.uiTest()'><b>uiTest</b><br>Test class: core.tests.ExecuteTest<br>Parameters: , SETTEXT, username, name, mgr123</td>
<td></td>
<td>0</td>
<td>core.tests.ExecuteTest@2d64160c</td></tr>
<tr>
<td title='core.tests.ExecuteTest.uiTest()'><b>uiTest</b><br>Test class: core.tests.ExecuteTest<br>Parameters: , SETTEXT, password, name, mgr!23</td>
<td></td>
<td>0</td>
<td>core.tests.ExecuteTest@2d64160c</td></tr>
<tr>
<td title='core.tests.ExecuteTest.uiTest()'><b>uiTest</b><br>Test class: core.tests.ExecuteTest<br>Parameters: , CLICK, loginButton, name, </td>
<td></td>
<td>0</td>
<td>core.tests.ExecuteTest@2d64160c</td></tr>
<tr>
<td title='core.tests.ExecuteTest.uiTest()'><b>uiTest</b><br>Test class: core.tests.ExecuteTest<br>Parameters: , CLOSEBROWSER, , , </td>
<td></td>
<td>0</td>
<td>core.tests.ExecuteTest@2d64160c</td></tr>
<tr>
<td title='core.tests.ExecuteTest.uiTest()'><b>uiTest</b><br>Test class: core.tests.ExecuteTest<br>Parameters: TC # 01.03 - Reset Login In Application, , , , </td>
<td></td>
<td>2</td>
<td>core.tests.ExecuteTest@2d64160c</td></tr>
<tr>
<td title='core.tests.ExecuteTest.uiTest()'><b>uiTest</b><br>Test class: core.tests.ExecuteTest<br>Parameters: , GOTOURL, , , http://demo.guru99.com/V4/</td>
<td></td>
<td>0</td>
<td>core.tests.ExecuteTest@2d64160c</td></tr>
<tr>
<td title='core.tests.ExecuteTest.uiTest()'><b>uiTest</b><br>Test class: core.tests.ExecuteTest<br>Parameters: , SETTEXT, username, name, mgr123</td>
<td></td>
<td>0</td>
<td>core.tests.ExecuteTest@2d64160c</td></tr>
<tr>
<td title='core.tests.ExecuteTest.uiTest()'><b>uiTest</b><br>Test class: core.tests.ExecuteTest<br>Parameters: , SETTEXT, password, name, mgr!2</td>
<td></td>
<td>0</td>
<td>core.tests.ExecuteTest@2d64160c</td></tr>
<tr>
<td title='core.tests.ExecuteTest.uiTest()'><b>uiTest</b><br>Test class: core.tests.ExecuteTest<br>Parameters: , CLICK, resetButton, name, </td>
<td></td>
<td>0</td>
<td>core.tests.ExecuteTest@2d64160c</td></tr>
<tr>
<td title='core.tests.ExecuteTest.uiTest()'><b>uiTest</b><br>Test class: core.tests.ExecuteTest<br>Parameters: , CLOSEBROWSER, , , </td>
<td></td>
<td>0</td>
<td>core.tests.ExecuteTest@2d64160c</td></tr>
<tr>
<td title='core.tests.ExecuteTest.uiTest()'><b>uiTest</b><br>Test class: core.tests.ExecuteTest<br>Parameters: TC # 01.04 - Check Lenta, , , , </td>
<td></td>
<td>1</td>
<td>core.tests.ExecuteTest@2d64160c</td></tr>
<tr>
<td title='core.tests.ExecuteTest.uiTest()'><b>uiTest</b><br>Test class: core.tests.ExecuteTest<br>Parameters: , GOTOURL, , , http://demo.guru99.com/V4/</td>
<td></td>
<td>0</td>
<td>core.tests.ExecuteTest@2d64160c</td></tr>
<tr>
<td title='core.tests.ExecuteTest.uiTest()'><b>uiTest</b><br>Test class: core.tests.ExecuteTest<br>Parameters: , , lenta, css, </td>
<td></td>
<td>0</td>
<td>core.tests.ExecuteTest@2d64160c</td></tr>
<tr>
<td title='core.tests.ExecuteTest.uiTest()'><b>uiTest</b><br>Test class: core.tests.ExecuteTest<br>Parameters: , CLOSEBROWSER, , , </td>
<td></td>
<td>0</td>
<td>core.tests.ExecuteTest@2d64160c</td></tr>
</table><p>
</body>
</html>