<?xml version="1.0" encoding="UTF-8"?>
<!-- Generated by org.testng.reporters.JUnitXMLReporter -->
<testsuite hostname="Latitude" ignored="0" name="Default test" tests="24" failures="1" timestamp="27 Dec 2017 01:19:47 GMT" time="21.821" errors="0">
  <testcase name="uiTest" time="5.262" classname="core.tests.ExecuteTest"/>
  <testcase name="uiTest" time="0.875" classname="core.tests.ExecuteTest"/>
  <testcase name="uiTest" time="0.004" classname="core.tests.ExecuteTest"/>
  <testcase name="uiTest" time="0.23" classname="core.tests.ExecuteTest"/>
  <testcase name="uiTest" time="1.014" classname="core.tests.ExecuteTest"/>
  <testcase name="uiTest" time="2.182" classname="core.tests.ExecuteTest"/>
  <testcase name="uiTest" time="0.674" classname="core.tests.ExecuteTest"/>
  <testcase name="uiTest" time="0.229" classname="core.tests.ExecuteTest"/>
  <testcase name="uiTest" time="0.187" classname="core.tests.ExecuteTest"/>
  <testcase name="uiTest" time="0.484" classname="core.tests.ExecuteTest"/>
  <testcase name="uiTest" time="0.109" classname="core.tests.ExecuteTest"/>
  <testcase name="uiTest" time="0.345" classname="core.tests.ExecuteTest"/>
  <testcase name="uiTest" time="0.026" classname="core.tests.ExecuteTest"/>
  <testcase name="uiTest" time="0.729" classname="core.tests.ExecuteTest"/>
  <testcase name="uiTest" time="2.15" classname="core.tests.ExecuteTest"/>
  <testcase name="uiTest" time="0.495" classname="core.tests.ExecuteTest"/>
  <testcase name="uiTest" time="0.168" classname="core.tests.ExecuteTest"/>
  <testcase name="uiTest" time="0.147" classname="core.tests.ExecuteTest"/>
  <testcase name="uiTest" time="0.144" classname="core.tests.ExecuteTest"/>
  <testcase name="uiTest" time="0.749" classname="core.tests.ExecuteTest"/>
  <testcase name="uiTest" time="1.974" classname="core.tests.ExecuteTest"/>
  <testcase name="uiTest" time="0.5" classname="core.tests.ExecuteTest"/>
  <testcase name="uiTest" time="0.087" classname="core.tests.ExecuteTest">
    <failure type="java.lang.AssertionError" message="expected [Enter your email id] but found [Guru99 Bank Home Page]">
      <![CDATA[java.lang.AssertionError: expected [Enter your email id] but found [Guru99 Bank Home Page]at org.testng.Assert.fail(Assert.java:96)at org.testng.Assert.failNotEquals(Assert.java:776)at org.testng.Assert.assertEqualsImpl(Assert.java:137)at org.testng.Assert.assertEquals(Assert.java:118)at org.testng.Assert.assertEquals(Assert.java:453)at org.testng.Assert.assertEquals(Assert.java:463)at core.tests.TestBase.ivRead(TestBase.java:59)at core.tests.ExecuteTest.uiTest(ExecuteTest.java:13)at sun.reflect.GeneratedMethodAccessor3.invoke(Unknown Source)at sun.reflect.DelegatingMethodAccessorImpl.invoke(Unknown Source)at java.lang.reflect.Method.invoke(Unknown Source)at org.testng.internal.MethodInvocationHelper.invokeMethod(MethodInvocationHelper.java:124)at org.testng.internal.Invoker.invokeMethod(Invoker.java:571)at org.testng.internal.Invoker.invokeTestMethod(Invoker.java:707)at org.testng.internal.Invoker.invokeTestMethods(Invoker.java:979)at org.testng.internal.TestMethodWorker.invokeTestMethods(TestMethodWorker.java:125)at org.testng.internal.TestMethodWorker.run(TestMethodWorker.java:109)at org.testng.TestRunner.privateRun(TestRunner.java:648)at org.testng.TestRunner.run(TestRunner.java:505)at org.testng.SuiteRunner.runTest(SuiteRunner.java:455)at org.testng.SuiteRunner.runSequentially(SuiteRunner.java:450)at org.testng.SuiteRunner.privateRun(SuiteRunner.java:415)at org.testng.SuiteRunner.run(SuiteRunner.java:364)at org.testng.SuiteRunnerWorker.runSuite(SuiteRunnerWorker.java:52)at org.testng.SuiteRunnerWorker.run(SuiteRunnerWorker.java:84)at org.testng.TestNG.runSuitesSequentially(TestNG.java:1187)at org.testng.TestNG.runSuitesLocally(TestNG.java:1116)at org.testng.TestNG.runSuites(TestNG.java:1028)at org.testng.TestNG.run(TestNG.java:996)at org.testng.remote.AbstractRemoteTestNG.run(AbstractRemoteTestNG.java:114)at org.testng.remote.RemoteTestNG.initAndRun(RemoteTestNG.java:251)at org.testng.remote.RemoteTestNG.main(RemoteTestNG.java:77)]]>
    </failure>
  </testcase> <!-- uiTest -->
  <testcase name="uiTest" time="0.765" classname="core.tests.ExecuteTest"/>
</testsuite> <!-- Default test -->
